Using pre-set license
Built from '2021.3/staging' branch; Version is '2021.3.24f1 (cf10dcf7010d) revision 13570268'; Using compiler version '192829333'; Build Type 'Release'
OS: 'Windows 10  (10.0.19045) 64bit CoreSingleLanguage' Language: 'pt' Physical Memory: 8072 MB
BatchMode: 1, IsHumanControllingUs: 0, StartBugReporterOnCrash: 0, Is64bit: 1, IsPro: 1

COMMAND LINE ARGUMENTS:
C:\Program Files\Unity\Hub\Editor\2021.3.24f1\Editor\Unity.exe
-adb2
-batchMode
-noUpm
-name
AssetImportWorker0
-projectPath
C:/Users/MyRobot/Desktop/Projetos/Millena/2D Car Race_Lucas
-logFile
Logs/AssetImportWorker0.log
-srvPort
50305
Successfully changed project path to: C:/Users/MyRobot/Desktop/Projetos/Millena/2D Car Race_Lucas
C:/Users/MyRobot/Desktop/Projetos/Millena/2D Car Race_Lucas
[UnityMemory] Configuration Parameters - Can be set up in boot.config
    "memorysetup-bucket-allocator-granularity=16"
    "memorysetup-bucket-allocator-bucket-count=8"
    "memorysetup-bucket-allocator-block-size=33554432"
    "memorysetup-bucket-allocator-block-count=8"
    "memorysetup-main-allocator-block-size=16777216"
    "memorysetup-thread-allocator-block-size=16777216"
    "memorysetup-gfx-main-allocator-block-size=16777216"
    "memorysetup-gfx-thread-allocator-block-size=16777216"
    "memorysetup-cache-allocator-block-size=4194304"
    "memorysetup-typetree-allocator-block-size=2097152"
    "memorysetup-profiler-bucket-allocator-granularity=16"
    "memorysetup-profiler-bucket-allocator-bucket-count=8"
    "memorysetup-profiler-bucket-allocator-block-size=33554432"
    "memorysetup-profiler-bucket-allocator-block-count=8"
    "memorysetup-profiler-allocator-block-size=16777216"
    "memorysetup-profiler-editor-allocator-block-size=1048576"
    "memorysetup-temp-allocator-size-main=16777216"
    "memorysetup-job-temp-allocator-block-size=2097152"
    "memorysetup-job-temp-allocator-block-size-background=1048576"
    "memorysetup-job-temp-allocator-reduction-small-platforms=262144"
    "memorysetup-temp-allocator-size-background-worker=32768"
    "memorysetup-temp-allocator-size-job-worker=262144"
    "memorysetup-temp-allocator-size-preload-manager=33554432"
    "memorysetup-temp-allocator-size-nav-mesh-worker=65536"
    "memorysetup-temp-allocator-size-audio-worker=65536"
    "memorysetup-temp-allocator-size-cloud-worker=32768"
    "memorysetup-temp-allocator-size-gi-baking-worker=262144"
    "memorysetup-temp-allocator-size-gfx=262144"
Player connection [3784] Host "[IP] 192.168.100.24 [Port] 0 [Flags] 2 [Guid] 1970751544 [EditorId] 1970751544 [Version] 1048832 [Id] WindowsEditor(7,DESKTOP-O47FMS9) [Debug] 1 [PackageName] WindowsEditor [ProjectName] Editor" joined multi-casting on [225.0.0.222:54997]...

Player connection [3784] Host "[IP] 192.168.100.24 [Port] 0 [Flags] 2 [Guid] 1970751544 [EditorId] 1970751544 [Version] 1048832 [Id] WindowsEditor(7,DESKTOP-O47FMS9) [Debug] 1 [PackageName] WindowsEditor [ProjectName] Editor" joined alternative multi-casting on [225.0.0.222:34997]...

Refreshing native plugins compatible for Editor in 180.65 ms, found 4 plugins.
Preloading 0 native plugins for Editor in 0.00 ms.
Initialize engine version: 2021.3.24f1 (cf10dcf7010d)
[Subsystems] Discovering subsystems at path C:/Program Files/Unity/Hub/Editor/2021.3.24f1/Editor/Data/Resources/UnitySubsystems
[Subsystems] Discovering subsystems at path C:/Users/MyRobot/Desktop/Projetos/Millena/2D Car Race_Lucas/Assets
GfxDevice: creating device client; threaded=0; jobified=0
Direct3D:
    Version:  Direct3D 11.0 [level 11.1]
    Renderer: Intel(R) HD Graphics 520 (ID=0x1916)
    Vendor:   Intel
    VRAM:     4036 MB
    Driver:   31.0.101.2111
Initialize mono
Mono path[0] = 'C:/Program Files/Unity/Hub/Editor/2021.3.24f1/Editor/Data/Managed'
Mono path[1] = 'C:/Program Files/Unity/Hub/Editor/2021.3.24f1/Editor/Data/MonoBleedingEdge/lib/mono/unityjit-win32'
Mono config path = 'C:/Program Files/Unity/Hub/Editor/2021.3.24f1/Editor/Data/MonoBleedingEdge/etc'
Using monoOptions --debugger-agent=transport=dt_socket,embedding=1,server=y,suspend=n,address=127.0.0.1:56752
Begin MonoManager ReloadAssembly
Registering precompiled unity dll's ...
Register platform support module: C:/Program Files/Unity/Hub/Editor/2021.3.24f1/Editor/Data/PlaybackEngines/WindowsStandaloneSupport/UnityEditor.WindowsStandalone.Extensions.dll
Registered in 0.010767 seconds.
Native extension for WindowsStandalone target not found
Refreshing native plugins compatible for Editor in 198.89 ms, found 4 plugins.
Preloading 0 native plugins for Editor in 0.00 ms.
Mono: successfully reloaded assembly
- Completed reload, in  1.190 seconds
Domain Reload Profiling:
	ReloadAssembly (1190ms)
		BeginReloadAssembly (143ms)
			ExecutionOrderSort (0ms)
			DisableScriptedObjects (0ms)
			BackupInstance (0ms)
			ReleaseScriptingObjects (0ms)
			CreateAndSetChildDomain (1ms)
		EndReloadAssembly (878ms)
			LoadAssemblies (139ms)
			RebuildTransferFunctionScriptingTraits (0ms)
			SetupTypeCache (197ms)
			ReleaseScriptCaches (0ms)
			RebuildScriptCaches (57ms)
			SetupLoadedEditorAssemblies (517ms)
				LogAssemblyErrors (0ms)
				InitializePlatformSupportModulesInManaged (13ms)
				SetLoadedEditorAssemblies (0ms)
				RefreshPlugins (199ms)
				BeforeProcessingInitializeOnLoad (2ms)
				ProcessInitializeOnLoadAttributes (219ms)
				ProcessInitializeOnLoadMethodAttributes (83ms)
				AfterProcessingInitializeOnLoad (0ms)
				EditorAssembliesLoaded (0ms)
			ExecutionOrderSort2 (0ms)
			AwakeInstancesAfterBackupRestoration (0ms)
Platform modules already initialized, skipping
Registering precompiled user dll's ...
Registered in 0.013465 seconds.
Begin MonoManager ReloadAssembly
Symbol file LoadedFromMemory doesn't match image C:\Users\MyRobot\Desktop\Projetos\Millena\2D Car Race_Lucas\Library\PackageCache\com.unity.visualscripting@1.8.0\Editor\VisualScripting.Core\Dependencies\YamlDotNet\Unity.VisualScripting.YamlDotNet.dll
Symbol file LoadedFromMemory doesn't match image C:\Users\MyRobot\Desktop\Projetos\Millena\2D Car Race_Lucas\Library\PackageCache\com.unity.visualscripting@1.8.0\Editor\VisualScripting.Core\Dependencies\DotNetZip\Unity.VisualScripting.IonicZip.dll
Native extension for WindowsStandalone target not found
Refreshing native plugins compatible for Editor in 171.82 ms, found 4 plugins.
Preloading 0 native plugins for Editor in 0.00 ms.
Mono: successfully reloaded assembly
- Completed reload, in  1.953 seconds
Domain Reload Profiling:
	ReloadAssembly (1954ms)
		BeginReloadAssembly (210ms)
			ExecutionOrderSort (0ms)
			DisableScriptedObjects (9ms)
			BackupInstance (0ms)
			ReleaseScriptingObjects (0ms)
			CreateAndSetChildDomain (29ms)
		EndReloadAssembly (1536ms)
			LoadAssemblies (171ms)
			RebuildTransferFunctionScriptingTraits (0ms)
			SetupTypeCache (428ms)
			ReleaseScriptCaches (1ms)
			RebuildScriptCaches (87ms)
			SetupLoadedEditorAssemblies (804ms)
				LogAssemblyErrors (0ms)
				InitializePlatformSupportModulesInManaged (7ms)
				SetLoadedEditorAssemblies (0ms)
				RefreshPlugins (172ms)
				BeforeProcessingInitializeOnLoad (176ms)
				ProcessInitializeOnLoadAttributes (379ms)
				ProcessInitializeOnLoadMethodAttributes (57ms)
				AfterProcessingInitializeOnLoad (12ms)
				EditorAssembliesLoaded (0ms)
			ExecutionOrderSort2 (0ms)
			AwakeInstancesAfterBackupRestoration (10ms)
Platform modules already initialized, skipping
========================================================================
Worker process is ready to serve import requests
Launched and connected shader compiler UnityShaderCompiler.exe after 0.08 seconds
Refreshing native plugins compatible for Editor in 1.33 ms, found 4 plugins.
Preloading 0 native plugins for Editor in 0.00 ms.
Unloading 3734 Unused Serialized files (Serialized files now loaded: 0)
Unloading 41 unused Assets / (229.4 KB). Loaded Objects now: 4187.
Memory consumption went from 142.7 MB to 142.5 MB.
Total: 5.864200 ms (FindLiveObjects: 0.425000 ms CreateObjectMapping: 0.350000 ms MarkObjects: 4.772400 ms  DeleteObjects: 0.315100 ms)

AssetImportParameters requested are different than current active one (requested -> active):
  custom:video-decoder-ogg-theora: a1e56fd34408186e4bbccfd4996cb3dc -> 
  custom:container-muxer-webm: aa71ff27fc2769a1b78a27578f13a17b -> 
  custom:container-demuxer-webm: 4f35f7cbe854078d1ac9338744f61a02 -> 
  custom:video-encoder-webm-vp8: eb34c28f22e8b96e1ab97ce403110664 -> 
  custom:audio-encoder-webm-vorbis: bf7c407c2cedff20999df2af8eb42d56 -> 
  custom:framework-win-MediaFoundation: 216162199b28c13a410421893ffa2e32 -> 
  custom:container-demuxer-ogg: 62fdf1f143b41e24485cea50d1cbac27 -> 
  custom:video-decoder-webm-vp8: 9c59270c3fd7afecdb556c50c9e8de78 -> 
  custom:audio-decoder-ogg-vorbis: bf7c407c2cedff20999df2af8eb42d56 -> 
========================================================================
Received Import Request.
  Time since last request: 605293.267232 seconds.
  path: Assets
  artifactKey: Guid(00000000000000001000000000000000) Importer(815301076,1909f56bfc062723c751e8b465ee728b)
Start importing Assets using Guid(00000000000000001000000000000000) Importer(815301076,1909f56bfc062723c751e8b465ee728b)  -> (artifact id: '79842766b460edbeab6a34051e857a80') in 0.022083 seconds 
========================================================================
Received Import Request.
  Time since last request: 13.601283 seconds.
  path: Assets/Animations
  artifactKey: Guid(fbad6b62205ba0349a3578ae119617d2) Importer(815301076,1909f56bfc062723c751e8b465ee728b)
Start importing Assets/Animations using Guid(fbad6b62205ba0349a3578ae119617d2) Importer(815301076,1909f56bfc062723c751e8b465ee728b)  -> (artifact id: '7b6ebf0f12edeb3f1831394c9b6eb9a7') in 0.024230 seconds 
========================================================================
Received Import Request.
  Time since last request: 11.928679 seconds.
  path: Assets/Scripts
  artifactKey: Guid(4b20057097f52e24ead6a3f5504f3e93) Importer(815301076,1909f56bfc062723c751e8b465ee728b)
Start importing Assets/Scripts using Guid(4b20057097f52e24ead6a3f5504f3e93) Importer(815301076,1909f56bfc062723c751e8b465ee728b)  -> (artifact id: '7121bb3e37daf4087c974ff1867ed204') in 0.026378 seconds 
========================================================================
Received Import Request.
  Time since last request: 8.224471 seconds.
  path: Assets/Sprites
  artifactKey: Guid(48ba852fa6c82c44da7f96f2fc32bfdb) Importer(815301076,1909f56bfc062723c751e8b465ee728b)
Start importing Assets/Sprites using Guid(48ba852fa6c82c44da7f96f2fc32bfdb) Importer(815301076,1909f56bfc062723c751e8b465ee728b)  -> (artifact id: '0e04450747d8eecb302f854a4376220e') in 0.024943 seconds 
========================================================================
Received Import Request.
  Time since last request: 34.909150 seconds.
  path: Assets/Sprites/4 pneus.png
  artifactKey: Guid(799e07421831d6a4b9125820a6911687) Importer(815301076,1909f56bfc062723c751e8b465ee728b)
Start importing Assets/Sprites/4 pneus.png using Guid(799e07421831d6a4b9125820a6911687) Importer(815301076,1909f56bfc062723c751e8b465ee728b)  -> (artifact id: 'e6051deae26fc916e768eae6870b8715') in 0.312211 seconds 
========================================================================
Received Import Request.
  Time since last request: 0.000052 seconds.
  path: Assets/Sprites/Circuit.png
  artifactKey: Guid(7fdf5989a7fb90b49a776d8cccaf4375) Importer(815301076,1909f56bfc062723c751e8b465ee728b)
Start importing Assets/Sprites/Circuit.png using Guid(7fdf5989a7fb90b49a776d8cccaf4375) Importer(815301076,1909f56bfc062723c751e8b465ee728b)  -> (artifact id: '4742eca7c91ff41031e84019dca854d2') in 0.050420 seconds 
========================================================================
Received Import Request.
  Time since last request: 0.000196 seconds.
  path: Assets/Sprites/Circuit2.png
  artifactKey: Guid(f74da9825ce483245ab96d907428207c) Importer(815301076,1909f56bfc062723c751e8b465ee728b)
Start importing Assets/Sprites/Circuit2.png using Guid(f74da9825ce483245ab96d907428207c) Importer(815301076,1909f56bfc062723c751e8b465ee728b)  -> (artifact id: '1f4782947ce3419d7ee057aa94b4a542') in 0.037771 seconds 
========================================================================
Received Import Request.
  Time since last request: 0.000047 seconds.
  path: Assets/Sprites/barreira.png
  artifactKey: Guid(b59727c8e1634e04bb60858823d6719e) Importer(815301076,1909f56bfc062723c751e8b465ee728b)
Start importing Assets/Sprites/barreira.png using Guid(b59727c8e1634e04bb60858823d6719e) Importer(815301076,1909f56bfc062723c751e8b465ee728b)  -> (artifact id: '319cba76519dbb26961575215b53b736') in 0.037109 seconds 
========================================================================
Received Import Request.
  Time since last request: 0.000035 seconds.
  path: Assets/Sprites/F2.png
  artifactKey: Guid(1c1bb0bbbb7daa640b6a083916d01ad8) Importer(815301076,1909f56bfc062723c751e8b465ee728b)
Start importing Assets/Sprites/F2.png using Guid(1c1bb0bbbb7daa640b6a083916d01ad8) Importer(815301076,1909f56bfc062723c751e8b465ee728b)  -> (artifact id: '63bee0d14cdaab6457b17a470caf5d53') in 0.035586 seconds 
========================================================================
Received Import Request.
  Time since last request: 0.000036 seconds.
  path: Assets/Sprites/Circuit reta.png
  artifactKey: Guid(c4585ae0e6b13fc4db319af2f47f6a5c) Importer(815301076,1909f56bfc062723c751e8b465ee728b)
Start importing Assets/Sprites/Circuit reta.png using Guid(c4585ae0e6b13fc4db319af2f47f6a5c) Importer(815301076,1909f56bfc062723c751e8b465ee728b)  -> (artifact id: 'da4c64ec2acea3c97031602b1f031924') in 0.035564 seconds 
========================================================================
Received Import Request.
  Time since last request: 0.000044 seconds.
  path: Assets/Sprites/F3.png
  artifactKey: Guid(c69f86ca91f4414489ad4861a3ce9bef) Importer(815301076,1909f56bfc062723c751e8b465ee728b)
Start importing Assets/Sprites/F3.png using Guid(c69f86ca91f4414489ad4861a3ce9bef) Importer(815301076,1909f56bfc062723c751e8b465ee728b)  -> (artifact id: '3f8d804af4e86e8d4ce0f1238b15ec86') in 0.033446 seconds 
========================================================================
Received Import Request.
  Time since last request: 0.000052 seconds.
  path: Assets/Sprites/linha de chegada.png
  artifactKey: Guid(2b63152ca9b43364281143411def625b) Importer(815301076,1909f56bfc062723c751e8b465ee728b)
Start importing Assets/Sprites/linha de chegada.png using Guid(2b63152ca9b43364281143411def625b) Importer(815301076,1909f56bfc062723c751e8b465ee728b)  -> (artifact id: '53818f6a0ce57f3ce683e2afb8c2696c') in 0.033032 seconds 
========================================================================
Received Import Request.
  Time since last request: 0.000049 seconds.
  path: Assets/Sprites/F4.png
  artifactKey: Guid(befca324922877b4797b8853522a0ee3) Importer(815301076,1909f56bfc062723c751e8b465ee728b)
Start importing Assets/Sprites/F4.png using Guid(befca324922877b4797b8853522a0ee3) Importer(815301076,1909f56bfc062723c751e8b465ee728b)  -> (artifact id: '6b25bae1b4bf5d1b20869e2915d807ac') in 0.035250 seconds 
========================================================================
Received Import Request.
  Time since last request: 0.000035 seconds.
  path: Assets/Sprites/barreira circular.png
  artifactKey: Guid(9f57a0166078fc549817a9534f5ea2e2) Importer(815301076,1909f56bfc062723c751e8b465ee728b)
Start importing Assets/Sprites/barreira circular.png using Guid(9f57a0166078fc549817a9534f5ea2e2) Importer(815301076,1909f56bfc062723c751e8b465ee728b)  -> (artifact id: 'b95241736e97600fa1f2800a386f25e9') in 0.032093 seconds 
========================================================================
Received Import Request.
  Time since last request: 0.000036 seconds.
  path: Assets/Sprites/F1.png
  artifactKey: Guid(64d938a7e05bbcb48ade8a3e9c6a23eb) Importer(815301076,1909f56bfc062723c751e8b465ee728b)
Start importing Assets/Sprites/F1.png using Guid(64d938a7e05bbcb48ade8a3e9c6a23eb) Importer(815301076,1909f56bfc062723c751e8b465ee728b)  -> (artifact id: 'd14e26255243eb1d22ac083dec83bc44') in 0.049504 seconds 
========================================================================
Received Import Request.
  Time since last request: 0.000033 seconds.
  path: Assets/Sprites/F1 roda.png
  artifactKey: Guid(1b5c9308b56106044b905921c772746c) Importer(815301076,1909f56bfc062723c751e8b465ee728b)
Start importing Assets/Sprites/F1 roda.png using Guid(1b5c9308b56106044b905921c772746c) Importer(815301076,1909f56bfc062723c751e8b465ee728b)  -> (artifact id: '1a4c9904d8c27420b166de4af4b6ca2d') in 0.035778 seconds 
========================================================================
Received Import Request.
  Time since last request: 0.000035 seconds.
  path: Assets/Sprites/arquibancada.png
  artifactKey: Guid(c340f117b7cd23f489cca62082308ce3) Importer(815301076,1909f56bfc062723c751e8b465ee728b)
Start importing Assets/Sprites/arquibancada.png using Guid(c340f117b7cd23f489cca62082308ce3) Importer(815301076,1909f56bfc062723c751e8b465ee728b)  -> (artifact id: '4e1f8b2a830707e10b3b87de1f6c9dff') in 0.039552 seconds 
========================================================================
Received Import Request.
  Time since last request: 123.848153 seconds.
  path: Assets/Sprites/Circuit.png
  artifactKey: Guid(7fdf5989a7fb90b49a776d8cccaf4375) Importer(815301076,1909f56bfc062723c751e8b465ee728b)
Start importing Assets/Sprites/Circuit.png using Guid(7fdf5989a7fb90b49a776d8cccaf4375) Importer(815301076,1909f56bfc062723c751e8b465ee728b)  -> (artifact id: 'cc4c7dc5168a24fbed14e3293142e1f7') in 0.036650 seconds 
========================================================================
Received Import Request.
  Time since last request: 0.048805 seconds.
  path: Assets/Sprites/4 pneus.png
  artifactKey: Guid(799e07421831d6a4b9125820a6911687) Importer(815301076,1909f56bfc062723c751e8b465ee728b)
Start importing Assets/Sprites/4 pneus.png using Guid(799e07421831d6a4b9125820a6911687) Importer(815301076,1909f56bfc062723c751e8b465ee728b)  -> (artifact id: 'b49e877e6b96afe912dc92f4e3113329') in 0.033960 seconds 
========================================================================
Received Import Request.
  Time since last request: 0.000049 seconds.
  path: Assets/Sprites/Circuit2.png
  artifactKey: Guid(f74da9825ce483245ab96d907428207c) Importer(815301076,1909f56bfc062723c751e8b465ee728b)
Start importing Assets/Sprites/Circuit2.png using Guid(f74da9825ce483245ab96d907428207c) Importer(815301076,1909f56bfc062723c751e8b465ee728b)  -> (artifact id: '3f0b2335d7089eae31f0e7e3e8df8445') in 0.033671 seconds 
========================================================================
Received Import Request.
  Time since last request: 0.000044 seconds.
  path: Assets/Sprites/barreira.png
  artifactKey: Guid(b59727c8e1634e04bb60858823d6719e) Importer(815301076,1909f56bfc062723c751e8b465ee728b)
Start importing Assets/Sprites/barreira.png using Guid(b59727c8e1634e04bb60858823d6719e) Importer(815301076,1909f56bfc062723c751e8b465ee728b)  -> (artifact id: '4c4cfbb59da334eb7e6a74068c811c43') in 0.037578 seconds 
========================================================================
Received Import Request.
  Time since last request: 0.000062 seconds.
  path: Assets/Sprites/F2.png
  artifactKey: Guid(1c1bb0bbbb7daa640b6a083916d01ad8) Importer(815301076,1909f56bfc062723c751e8b465ee728b)
Start importing Assets/Sprites/F2.png using Guid(1c1bb0bbbb7daa640b6a083916d01ad8) Importer(815301076,1909f56bfc062723c751e8b465ee728b)  -> (artifact id: 'b89d14fac3bb4be68cb7d2315ea0938e') in 0.032869 seconds 
========================================================================
Received Import Request.
  Time since last request: 0.000067 seconds.
  path: Assets/Sprites/Circuit reta.png
  artifactKey: Guid(c4585ae0e6b13fc4db319af2f47f6a5c) Importer(815301076,1909f56bfc062723c751e8b465ee728b)
Start importing Assets/Sprites/Circuit reta.png using Guid(c4585ae0e6b13fc4db319af2f47f6a5c) Importer(815301076,1909f56bfc062723c751e8b465ee728b)  -> (artifact id: '232e1d0cbaad0428798b605f5167bc7e') in 0.024823 seconds 
========================================================================
Received Import Request.
  Time since last request: 0.000043 seconds.
  path: Assets/Sprites/F3.png
  artifactKey: Guid(c69f86ca91f4414489ad4861a3ce9bef) Importer(815301076,1909f56bfc062723c751e8b465ee728b)
Start importing Assets/Sprites/F3.png using Guid(c69f86ca91f4414489ad4861a3ce9bef) Importer(815301076,1909f56bfc062723c751e8b465ee728b)  -> (artifact id: 'aa56f74958d09370abd8293694356834') in 0.042745 seconds 
========================================================================
Received Import Request.
  Time since last request: 0.000033 seconds.
  path: Assets/Sprites/linha de chegada.png
  artifactKey: Guid(2b63152ca9b43364281143411def625b) Importer(815301076,1909f56bfc062723c751e8b465ee728b)
Start importing Assets/Sprites/linha de chegada.png using Guid(2b63152ca9b43364281143411def625b) Importer(815301076,1909f56bfc062723c751e8b465ee728b)  -> (artifact id: '8004649687d4b1f21f532a85edad8afb') in 0.026717 seconds 
========================================================================
Received Import Request.
  Time since last request: 0.000052 seconds.
  path: Assets/Sprites/F4.png
  artifactKey: Guid(befca324922877b4797b8853522a0ee3) Importer(815301076,1909f56bfc062723c751e8b465ee728b)
Start importing Assets/Sprites/F4.png using Guid(befca324922877b4797b8853522a0ee3) Importer(815301076,1909f56bfc062723c751e8b465ee728b)  -> (artifact id: '88662beadaab9f7676c780cb5a23537b') in 0.032709 seconds 
========================================================================
Received Import Request.
  Time since last request: 0.000048 seconds.
  path: Assets/Sprites/barreira circular.png
  artifactKey: Guid(9f57a0166078fc549817a9534f5ea2e2) Importer(815301076,1909f56bfc062723c751e8b465ee728b)
Start importing Assets/Sprites/barreira circular.png using Guid(9f57a0166078fc549817a9534f5ea2e2) Importer(815301076,1909f56bfc062723c751e8b465ee728b)  -> (artifact id: 'f41b7976a9a5f4974c1a676fdd2b7493') in 0.028358 seconds 
========================================================================
Received Import Request.
  Time since last request: 0.000068 seconds.
  path: Assets/Sprites/F1.png
  artifactKey: Guid(64d938a7e05bbcb48ade8a3e9c6a23eb) Importer(815301076,1909f56bfc062723c751e8b465ee728b)
Start importing Assets/Sprites/F1.png using Guid(64d938a7e05bbcb48ade8a3e9c6a23eb) Importer(815301076,1909f56bfc062723c751e8b465ee728b)  -> (artifact id: 'fd817eff31136a7c8ab027e4d973c92c') in 0.026939 seconds 
========================================================================
Received Import Request.
  Time since last request: 0.000048 seconds.
  path: Assets/Sprites/F1 roda.png
  artifactKey: Guid(1b5c9308b56106044b905921c772746c) Importer(815301076,1909f56bfc062723c751e8b465ee728b)
Start importing Assets/Sprites/F1 roda.png using Guid(1b5c9308b56106044b905921c772746c) Importer(815301076,1909f56bfc062723c751e8b465ee728b)  -> (artifact id: 'd4886d31e621c0720fa2cbeb0d21de93') in 0.025979 seconds 
========================================================================
Received Import Request.
  Time since last request: 0.000046 seconds.
  path: Assets/Sprites/arquibancada.png
  artifactKey: Guid(c340f117b7cd23f489cca62082308ce3) Importer(815301076,1909f56bfc062723c751e8b465ee728b)
Start importing Assets/Sprites/arquibancada.png using Guid(c340f117b7cd23f489cca62082308ce3) Importer(815301076,1909f56bfc062723c751e8b465ee728b)  -> (artifact id: '12ea27b435cbbd672c23009bec675461') in 0.033527 seconds 
========================================================================
Received Import Request.
  Time since last request: 57.181139 seconds.
  path: Assets/Sprites/4 pneus.png
  artifactKey: Guid(799e07421831d6a4b9125820a6911687) Importer(815301076,1909f56bfc062723c751e8b465ee728b)
Start importing Assets/Sprites/4 pneus.png using Guid(799e07421831d6a4b9125820a6911687) Importer(815301076,1909f56bfc062723c751e8b465ee728b)  -> (artifact id: 'b8011f56d5dc9a543a2cc2f89168c604') in 0.015994 seconds 
========================================================================
Received Import Request.
  Time since last request: 0.000092 seconds.
  path: Assets/Sprites/Circuit.png
  artifactKey: Guid(7fdf5989a7fb90b49a776d8cccaf4375) Importer(815301076,1909f56bfc062723c751e8b465ee728b)
Start importing Assets/Sprites/Circuit.png using Guid(7fdf5989a7fb90b49a776d8cccaf4375) Importer(815301076,1909f56bfc062723c751e8b465ee728b)  -> (artifact id: 'fcf6dce26750bdfaf9cfdee8e4123471') in 0.014560 seconds 
========================================================================
Received Import Request.
  Time since last request: 0.000041 seconds.
  path: Assets/Sprites/Circuit2.png
  artifactKey: Guid(f74da9825ce483245ab96d907428207c) Importer(815301076,1909f56bfc062723c751e8b465ee728b)
Start importing Assets/Sprites/Circuit2.png using Guid(f74da9825ce483245ab96d907428207c) Importer(815301076,1909f56bfc062723c751e8b465ee728b)  -> (artifact id: 'f00e5363c12548161db7462b595b87a3') in 0.015995 seconds 
========================================================================
Received Import Request.
  Time since last request: 0.000031 seconds.
  path: Assets/Sprites/barreira.png
  artifactKey: Guid(b59727c8e1634e04bb60858823d6719e) Importer(815301076,1909f56bfc062723c751e8b465ee728b)
Start importing Assets/Sprites/barreira.png using Guid(b59727c8e1634e04bb60858823d6719e) Importer(815301076,1909f56bfc062723c751e8b465ee728b)  -> (artifact id: '89c5e141239cd14a0900e0c29de794fc') in 0.016748 seconds 
========================================================================
Received Import Request.
  Time since last request: 0.000054 seconds.
  path: Assets/Sprites/Circuit reta.png
  artifactKey: Guid(c4585ae0e6b13fc4db319af2f47f6a5c) Importer(815301076,1909f56bfc062723c751e8b465ee728b)
Start importing Assets/Sprites/Circuit reta.png using Guid(c4585ae0e6b13fc4db319af2f47f6a5c) Importer(815301076,1909f56bfc062723c751e8b465ee728b)  -> (artifact id: '8472af1df17bac0caca37b34878245b1') in 0.012390 seconds 
========================================================================
Received Import Request.
  Time since last request: 0.000032 seconds.
  path: Assets/Sprites/barreira circular.png
  artifactKey: Guid(9f57a0166078fc549817a9534f5ea2e2) Importer(815301076,1909f56bfc062723c751e8b465ee728b)
Start importing Assets/Sprites/barreira circular.png using Guid(9f57a0166078fc549817a9534f5ea2e2) Importer(815301076,1909f56bfc062723c751e8b465ee728b)  -> (artifact id: '1b28830d75a7d1b7a4c66119ff965866') in 0.014014 seconds 
========================================================================
Received Import Request.
  Time since last request: 0.000045 seconds.
  path: Assets/Sprites/arquibancada.png
  artifactKey: Guid(c340f117b7cd23f489cca62082308ce3) Importer(815301076,1909f56bfc062723c751e8b465ee728b)
Start importing Assets/Sprites/arquibancada.png using Guid(c340f117b7cd23f489cca62082308ce3) Importer(815301076,1909f56bfc062723c751e8b465ee728b)  -> (artifact id: '34955f8ba4bd3f6155386eafb69b57d0') in 0.010950 seconds 
========================================================================
Received Import Request.
  Time since last request: 8.158541 seconds.
  path: Assets/Sprites/linha de chegada.png
  artifactKey: Guid(2b63152ca9b43364281143411def625b) Importer(815301076,1909f56bfc062723c751e8b465ee728b)
Start importing Assets/Sprites/linha de chegada.png using Guid(2b63152ca9b43364281143411def625b) Importer(815301076,1909f56bfc062723c751e8b465ee728b)  -> (artifact id: '88da5fb86721b119bb4a5614e48a4260') in 0.011293 seconds 
========================================================================
Received Import Request.
  Time since last request: 16.431043 seconds.
  path: Assets/Sprites/F2.png
  artifactKey: Guid(1c1bb0bbbb7daa640b6a083916d01ad8) Importer(815301076,1909f56bfc062723c751e8b465ee728b)
Start importing Assets/Sprites/F2.png using Guid(1c1bb0bbbb7daa640b6a083916d01ad8) Importer(815301076,1909f56bfc062723c751e8b465ee728b)  -> (artifact id: '41398421205cb267b126f86194e8ea64') in 0.011995 seconds 
========================================================================
Received Import Request.
  Time since last request: 0.063201 seconds.
  path: Assets/Sprites/F1 roda.png
  artifactKey: Guid(1b5c9308b56106044b905921c772746c) Importer(815301076,1909f56bfc062723c751e8b465ee728b)
Start importing Assets/Sprites/F1 roda.png using Guid(1b5c9308b56106044b905921c772746c) Importer(815301076,1909f56bfc062723c751e8b465ee728b)  -> (artifact id: '81f2eb4523dd34fb42870bb79eba8b05') in 0.010574 seconds 
========================================================================
Received Import Request.
  Time since last request: 0.000038 seconds.
  path: Assets/Sprites/F3.png
  artifactKey: Guid(c69f86ca91f4414489ad4861a3ce9bef) Importer(815301076,1909f56bfc062723c751e8b465ee728b)
Start importing Assets/Sprites/F3.png using Guid(c69f86ca91f4414489ad4861a3ce9bef) Importer(815301076,1909f56bfc062723c751e8b465ee728b)  -> (artifact id: '2fe8c7875ef710030f49366ba7ae2a85') in 0.013121 seconds 
========================================================================
Received Import Request.
  Time since last request: 0.000041 seconds.
  path: Assets/Sprites/F4.png
  artifactKey: Guid(befca324922877b4797b8853522a0ee3) Importer(815301076,1909f56bfc062723c751e8b465ee728b)
Start importing Assets/Sprites/F4.png using Guid(befca324922877b4797b8853522a0ee3) Importer(815301076,1909f56bfc062723c751e8b465ee728b)  -> (artifact id: 'b4cc2a19f59a91df09a198f9b3412103') in 0.026976 seconds 
========================================================================
Received Import Request.
  Time since last request: 0.000034 seconds.
  path: Assets/Sprites/F1.png
  artifactKey: Guid(64d938a7e05bbcb48ade8a3e9c6a23eb) Importer(815301076,1909f56bfc062723c751e8b465ee728b)
Start importing Assets/Sprites/F1.png using Guid(64d938a7e05bbcb48ade8a3e9c6a23eb) Importer(815301076,1909f56bfc062723c751e8b465ee728b)  -> (artifact id: 'c20ed9b0d807a46e52543162f5cc9cd5') in 0.014651 seconds 
========================================================================
Received Import Request.
  Time since last request: 95.961207 seconds.
  path: Assets/Sprites/4 pneus.png
  artifactKey: Guid(799e07421831d6a4b9125820a6911687) Importer(815301076,1909f56bfc062723c751e8b465ee728b)
Start importing Assets/Sprites/4 pneus.png using Guid(799e07421831d6a4b9125820a6911687) Importer(815301076,1909f56bfc062723c751e8b465ee728b)  -> (artifact id: '48934fbfec19d544ae12e2347346f856') in 0.073735 seconds 
========================================================================
Received Import Request.
  Time since last request: 29.166270 seconds.
  path: Assets/Sprites/arquibancada.png
  artifactKey: Guid(c340f117b7cd23f489cca62082308ce3) Importer(815301076,1909f56bfc062723c751e8b465ee728b)
Start importing Assets/Sprites/arquibancada.png using Guid(c340f117b7cd23f489cca62082308ce3) Importer(815301076,1909f56bfc062723c751e8b465ee728b)  -> (artifact id: 'e0ef14a12c10c8a8e1c114cb5aa11f29') in 0.063409 seconds 
========================================================================
Received Import Request.
  Time since last request: 16.819298 seconds.
  path: Assets/Sprites/barreira circular.png
  artifactKey: Guid(9f57a0166078fc549817a9534f5ea2e2) Importer(815301076,1909f56bfc062723c751e8b465ee728b)
Start importing Assets/Sprites/barreira circular.png using Guid(9f57a0166078fc549817a9534f5ea2e2) Importer(815301076,1909f56bfc062723c751e8b465ee728b)  -> (artifact id: '90eae2b5ef23cef294f26928ba5f5153') in 0.036144 seconds 
========================================================================
Received Import Request.
  Time since last request: 28.870848 seconds.
  path: Assets/Sprites/barreira.png
  artifactKey: Guid(b59727c8e1634e04bb60858823d6719e) Importer(815301076,1909f56bfc062723c751e8b465ee728b)
Start importing Assets/Sprites/barreira.png using Guid(b59727c8e1634e04bb60858823d6719e) Importer(815301076,1909f56bfc062723c751e8b465ee728b)  -> (artifact id: '1071e286230bccdb08ddbd67a9625131') in 0.078914 seconds 
========================================================================
Received Import Request.
  Time since last request: 77.692904 seconds.
  path: Assets/Sprites/Circuit reta.png
  artifactKey: Guid(c4585ae0e6b13fc4db319af2f47f6a5c) Importer(815301076,1909f56bfc062723c751e8b465ee728b)
Start importing Assets/Sprites/Circuit reta.png using Guid(c4585ae0e6b13fc4db319af2f47f6a5c) Importer(815301076,1909f56bfc062723c751e8b465ee728b)  -> (artifact id: 'b87f7736245257238a695309f2c96ef4') in 0.103344 seconds 
========================================================================
Received Import Request.
  Time since last request: 292.237800 seconds.
  path: Assets/Sprites/Circuit (1).png
  artifactKey: Guid(484baac99eca8e549964524a7715b12b) Importer(815301076,1909f56bfc062723c751e8b465ee728b)
Start importing Assets/Sprites/Circuit (1).png using Guid(484baac99eca8e549964524a7715b12b) Importer(815301076,1909f56bfc062723c751e8b465ee728b)  -> (artifact id: 'ffeb036c25bd1fcc7cbb42c66ce957b3') in 0.027896 seconds 
========================================================================
Received Import Request.
  Time since last request: 0.000045 seconds.
  path: Assets/Sprites/Circuit reta (1).png
  artifactKey: Guid(a9860ccf5f748964784be8b46ceeae57) Importer(815301076,1909f56bfc062723c751e8b465ee728b)
Start importing Assets/Sprites/Circuit reta (1).png using Guid(a9860ccf5f748964784be8b46ceeae57) Importer(815301076,1909f56bfc062723c751e8b465ee728b)  -> (artifact id: '9e7665229acf011b305261316c858c1b') in 0.030952 seconds 
========================================================================
Received Import Request.
  Time since last request: 32.343750 seconds.
  path: Assets/Sprites/Circuit reta (1).png
  artifactKey: Guid(a9860ccf5f748964784be8b46ceeae57) Importer(815301076,1909f56bfc062723c751e8b465ee728b)
Start importing Assets/Sprites/Circuit reta (1).png using Guid(a9860ccf5f748964784be8b46ceeae57) Importer(815301076,1909f56bfc062723c751e8b465ee728b)  -> (artifact id: 'c0c7f1031085af24c87cc70ed22cde52') in 0.023279 seconds 
========================================================================
Received Import Request.
  Time since last request: 0.032586 seconds.
  path: Assets/Sprites/Circuit (1).png
  artifactKey: Guid(484baac99eca8e549964524a7715b12b) Importer(815301076,1909f56bfc062723c751e8b465ee728b)
Start importing Assets/Sprites/Circuit (1).png using Guid(484baac99eca8e549964524a7715b12b) Importer(815301076,1909f56bfc062723c751e8b465ee728b)  -> (artifact id: '41f9b0c506137dc6e8030a38fae01f64') in 0.023319 seconds 
========================================================================
Received Import Request.
  Time since last request: 23.369160 seconds.
  path: Assets/Sprites/Circuit (1).png
  artifactKey: Guid(484baac99eca8e549964524a7715b12b) Importer(815301076,1909f56bfc062723c751e8b465ee728b)
Start importing Assets/Sprites/Circuit (1).png using Guid(484baac99eca8e549964524a7715b12b) Importer(815301076,1909f56bfc062723c751e8b465ee728b)  -> (artifact id: '0585b08c24b21bb8cb52e20d68ffae49') in 0.199718 seconds 
========================================================================
Received Import Request.
  Time since last request: 10.676991 seconds.
  path: Assets/Sprites/Circuit reta (1).png
  artifactKey: Guid(a9860ccf5f748964784be8b46ceeae57) Importer(815301076,1909f56bfc062723c751e8b465ee728b)
Start importing Assets/Sprites/Circuit reta (1).png using Guid(a9860ccf5f748964784be8b46ceeae57) Importer(815301076,1909f56bfc062723c751e8b465ee728b)  -> (artifact id: 'e11b627fb6e5cceea9146c198aead573') in 0.104833 seconds 
========================================================================
Received Import Request.
  Time since last request: 11.474237 seconds.
  path: Assets/Sprites/Circuit2.png
  artifactKey: Guid(f74da9825ce483245ab96d907428207c) Importer(815301076,1909f56bfc062723c751e8b465ee728b)
Start importing Assets/Sprites/Circuit2.png using Guid(f74da9825ce483245ab96d907428207c) Importer(815301076,1909f56bfc062723c751e8b465ee728b)  -> (artifact id: 'f6ff59391f289603c5c6c2f325f72060') in 0.071848 seconds 
========================================================================
Received Import Request.
  Time since last request: 13.732320 seconds.
  path: Assets/Sprites/linha de chegada.png
  artifactKey: Guid(2b63152ca9b43364281143411def625b) Importer(815301076,1909f56bfc062723c751e8b465ee728b)
Start importing Assets/Sprites/linha de chegada.png using Guid(2b63152ca9b43364281143411def625b) Importer(815301076,1909f56bfc062723c751e8b465ee728b)  -> (artifact id: '2506a98466faeedb461b078b03245a10') in 0.051284 seconds 
========================================================================
Received Import Request.
  Time since last request: 59.676289 seconds.
  path: Assets/Sprites/F1 roda.png
  artifactKey: Guid(1b5c9308b56106044b905921c772746c) Importer(815301076,1909f56bfc062723c751e8b465ee728b)
Start importing Assets/Sprites/F1 roda.png using Guid(1b5c9308b56106044b905921c772746c) Importer(815301076,1909f56bfc062723c751e8b465ee728b)  -> (artifact id: 'a6b5028e42664dff09e2c1fec273fbf6') in 0.058359 seconds 
========================================================================
Received Import Request.
  Time since last request: 11.282642 seconds.
  path: Assets/Sprites/F2.png
  artifactKey: Guid(1c1bb0bbbb7daa640b6a083916d01ad8) Importer(815301076,1909f56bfc062723c751e8b465ee728b)
Start importing Assets/Sprites/F2.png using Guid(1c1bb0bbbb7daa640b6a083916d01ad8) Importer(815301076,1909f56bfc062723c751e8b465ee728b)  -> (artifact id: '7f602e002aaa6361b0f302c97dbb0431') in 0.043927 seconds 
========================================================================
Received Import Request.
  Time since last request: 7.967405 seconds.
  path: Assets/Sprites/F3.png
  artifactKey: Guid(c69f86ca91f4414489ad4861a3ce9bef) Importer(815301076,1909f56bfc062723c751e8b465ee728b)
Start importing Assets/Sprites/F3.png using Guid(c69f86ca91f4414489ad4861a3ce9bef) Importer(815301076,1909f56bfc062723c751e8b465ee728b)  -> (artifact id: 'c9cc9c870c6345d11764e8db2ceabc74') in 0.046755 seconds 
========================================================================
Received Import Request.
  Time since last request: 8.000879 seconds.
  path: Assets/Sprites/F4.png
  artifactKey: Guid(befca324922877b4797b8853522a0ee3) Importer(815301076,1909f56bfc062723c751e8b465ee728b)
Start importing Assets/Sprites/F4.png using Guid(befca324922877b4797b8853522a0ee3) Importer(815301076,1909f56bfc062723c751e8b465ee728b)  -> (artifact id: 'ba31a9653089c43f5eebe044c056f063') in 0.050084 seconds 
========================================================================
Received Import Request.
  Time since last request: 1031.962740 seconds.
  path: Assets/Sprites/Carros roda parada.png
  artifactKey: Guid(e569a60e990b96d48a09193ba44b6501) Importer(815301076,1909f56bfc062723c751e8b465ee728b)
Start importing Assets/Sprites/Carros roda parada.png using Guid(e569a60e990b96d48a09193ba44b6501) Importer(815301076,1909f56bfc062723c751e8b465ee728b)  -> (artifact id: 'c4ac55337a4f8d4003a97c5e63059f2a') in 0.034091 seconds 
========================================================================
Received Import Request.
  Time since last request: 31.795731 seconds.
  path: Assets/Sprites/Carros roda parada.png
  artifactKey: Guid(e569a60e990b96d48a09193ba44b6501) Importer(815301076,1909f56bfc062723c751e8b465ee728b)
Start importing Assets/Sprites/Carros roda parada.png using Guid(e569a60e990b96d48a09193ba44b6501) Importer(815301076,1909f56bfc062723c751e8b465ee728b)  -> (artifact id: 'cb68f47cb82090ba37fa15e804f0b298') in 0.024256 seconds 
========================================================================
Received Import Request.
  Time since last request: 20.719892 seconds.
  path: Assets/Sprites/Carros roda parada.png
  artifactKey: Guid(e569a60e990b96d48a09193ba44b6501) Importer(815301076,1909f56bfc062723c751e8b465ee728b)
Start importing Assets/Sprites/Carros roda parada.png using Guid(e569a60e990b96d48a09193ba44b6501) Importer(815301076,1909f56bfc062723c751e8b465ee728b)  -> (artifact id: 'cc6cb6bdb72828f790d9abec326d139a') in 0.035559 seconds 
========================================================================
Received Import Request.
  Time since last request: 59.293685 seconds.
  path: Assets/Sprites/F1.png
  artifactKey: Guid(64d938a7e05bbcb48ade8a3e9c6a23eb) Importer(815301076,1909f56bfc062723c751e8b465ee728b)
Start importing Assets/Sprites/F1.png using Guid(64d938a7e05bbcb48ade8a3e9c6a23eb) Importer(815301076,1909f56bfc062723c751e8b465ee728b)  -> (artifact id: 'e41b1eca78d81212e400dc997be02924') in 0.023614 seconds 
========================================================================
Received Import Request.
  Time since last request: 160.021089 seconds.
  path: Assets/Scripts/CarHandler.cs
  artifactKey: Guid(283a1d1a8e16a9046a52fe94933f378b) Importer(815301076,1909f56bfc062723c751e8b465ee728b)
Start importing Assets/Scripts/CarHandler.cs using Guid(283a1d1a8e16a9046a52fe94933f378b) Importer(815301076,1909f56bfc062723c751e8b465ee728b)  -> (artifact id: '16f8405c56616de51475eddd2dd4486f') in 0.047747 seconds 
========================================================================
Received Prepare
Registering precompiled user dll's ...
Registered in 0.011131 seconds.
Begin MonoManager ReloadAssembly
Symbol file LoadedFromMemory doesn't match image C:\Users\MyRobot\Desktop\Projetos\Millena\2D Car Race_Lucas\Library\PackageCache\com.unity.visualscripting@1.8.0\Editor\VisualScripting.Core\Dependencies\YamlDotNet\Unity.VisualScripting.YamlDotNet.dll
Symbol file LoadedFromMemory doesn't match image C:\Users\MyRobot\Desktop\Projetos\Millena\2D Car Race_Lucas\Library\PackageCache\com.unity.visualscripting@1.8.0\Editor\VisualScripting.Core\Dependencies\DotNetZip\Unity.VisualScripting.IonicZip.dll
Native extension for WindowsStandalone target not found
Refreshing native plugins compatible for Editor in 0.98 ms, found 4 plugins.
Preloading 0 native plugins for Editor in 0.00 ms.
Mono: successfully reloaded assembly
- Completed reload, in  1.631 seconds
Domain Reload Profiling:
	ReloadAssembly (1632ms)
		BeginReloadAssembly (291ms)
			ExecutionOrderSort (0ms)
			DisableScriptedObjects (10ms)
			BackupInstance (0ms)
			ReleaseScriptingObjects (0ms)
			CreateAndSetChildDomain (63ms)
		EndReloadAssembly (1084ms)
			LoadAssemblies (217ms)
			RebuildTransferFunctionScriptingTraits (0ms)
			SetupTypeCache (353ms)
			ReleaseScriptCaches (2ms)
			RebuildScriptCaches (65ms)
			SetupLoadedEditorAssemblies (466ms)
				LogAssemblyErrors (0ms)
				InitializePlatformSupportModulesInManaged (8ms)
				SetLoadedEditorAssemblies (1ms)
				RefreshPlugins (1ms)
				BeforeProcessingInitializeOnLoad (110ms)
				ProcessInitializeOnLoadAttributes (287ms)
				ProcessInitializeOnLoadMethodAttributes (48ms)
				AfterProcessingInitializeOnLoad (11ms)
				EditorAssembliesLoaded (0ms)
			ExecutionOrderSort2 (0ms)
			AwakeInstancesAfterBackupRestoration (11ms)
Platform modules already initialized, skipping
Refreshing native plugins compatible for Editor in 3.23 ms, found 4 plugins.
Preloading 0 native plugins for Editor in 0.00 ms.
Unloading 3730 Unused Serialized files (Serialized files now loaded: 0)
Unloading 28 unused Assets / (195.9 KB). Loaded Objects now: 4216.
Memory consumption went from 146.7 MB to 146.5 MB.
Total: 4.533100 ms (FindLiveObjects: 0.429600 ms CreateObjectMapping: 0.254400 ms MarkObjects: 3.645000 ms  DeleteObjects: 0.202700 ms)

AssetImportParameters requested are different than current active one (requested -> active):
  custom:video-decoder-ogg-theora: a1e56fd34408186e4bbccfd4996cb3dc -> 
  custom:container-muxer-webm: aa71ff27fc2769a1b78a27578f13a17b -> 
  custom:container-demuxer-webm: 4f35f7cbe854078d1ac9338744f61a02 -> 
  custom:video-encoder-webm-vp8: eb34c28f22e8b96e1ab97ce403110664 -> 
  custom:audio-encoder-webm-vorbis: bf7c407c2cedff20999df2af8eb42d56 -> 
  custom:framework-win-MediaFoundation: 216162199b28c13a410421893ffa2e32 -> 
  custom:container-demuxer-ogg: 62fdf1f143b41e24485cea50d1cbac27 -> 
  custom:video-decoder-webm-vp8: 9c59270c3fd7afecdb556c50c9e8de78 -> 
  custom:audio-decoder-ogg-vorbis: bf7c407c2cedff20999df2af8eb42d56 -> 
========================================================================
Received Import Request.
  Time since last request: 22.092521 seconds.
  path: Assets/Scripts/PlayerController.cs
  artifactKey: Guid(176d9611ca3e1574598af5971815e00b) Importer(815301076,1909f56bfc062723c751e8b465ee728b)
Start importing Assets/Scripts/PlayerController.cs using Guid(176d9611ca3e1574598af5971815e00b) Importer(815301076,1909f56bfc062723c751e8b465ee728b)  -> (artifact id: 'c204c26d2256bec199b1cc5165b0a195') in 0.024121 seconds 
========================================================================
Received Prepare
Registering precompiled user dll's ...
Registered in 0.012202 seconds.
Begin MonoManager ReloadAssembly
Symbol file LoadedFromMemory doesn't match image C:\Users\MyRobot\Desktop\Projetos\Millena\2D Car Race_Lucas\Library\PackageCache\com.unity.visualscripting@1.8.0\Editor\VisualScripting.Core\Dependencies\YamlDotNet\Unity.VisualScripting.YamlDotNet.dll
Symbol file LoadedFromMemory doesn't match image C:\Users\MyRobot\Desktop\Projetos\Millena\2D Car Race_Lucas\Library\PackageCache\com.unity.visualscripting@1.8.0\Editor\VisualScripting.Core\Dependencies\DotNetZip\Unity.VisualScripting.IonicZip.dll
Native extension for WindowsStandalone target not found
Refreshing native plugins compatible for Editor in 0.90 ms, found 4 plugins.
Preloading 0 native plugins for Editor in 0.00 ms.
Mono: successfully reloaded assembly
- Completed reload, in  1.513 seconds
Domain Reload Profiling:
	ReloadAssembly (1515ms)
		BeginReloadAssembly (247ms)
			ExecutionOrderSort (0ms)
			DisableScriptedObjects (14ms)
			BackupInstance (0ms)
			ReleaseScriptingObjects (0ms)
			CreateAndSetChildDomain (58ms)
		EndReloadAssembly (1107ms)
			LoadAssemblies (175ms)
			RebuildTransferFunctionScriptingTraits (0ms)
			SetupTypeCache (360ms)
			ReleaseScriptCaches (2ms)
			RebuildScriptCaches (75ms)
			SetupLoadedEditorAssemblies (469ms)
				LogAssemblyErrors (0ms)
				InitializePlatformSupportModulesInManaged (8ms)
				SetLoadedEditorAssemblies (1ms)
				RefreshPlugins (1ms)
				BeforeProcessingInitializeOnLoad (105ms)
				ProcessInitializeOnLoadAttributes (292ms)
				ProcessInitializeOnLoadMethodAttributes (49ms)
				AfterProcessingInitializeOnLoad (13ms)
				EditorAssembliesLoaded (0ms)
			ExecutionOrderSort2 (0ms)
			AwakeInstancesAfterBackupRestoration (11ms)
Platform modules already initialized, skipping
Refreshing native plugins compatible for Editor in 3.06 ms, found 4 plugins.
Preloading 0 native plugins for Editor in 0.00 ms.
Unloading 3731 Unused Serialized files (Serialized files now loaded: 0)
Unloading 28 unused Assets / (195.7 KB). Loaded Objects now: 4220.
Memory consumption went from 146.7 MB to 146.5 MB.
Total: 4.008000 ms (FindLiveObjects: 0.415200 ms CreateObjectMapping: 0.247100 ms MarkObjects: 3.137800 ms  DeleteObjects: 0.206500 ms)

AssetImportParameters requested are different than current active one (requested -> active):
  custom:video-decoder-ogg-theora: a1e56fd34408186e4bbccfd4996cb3dc -> 
  custom:container-muxer-webm: aa71ff27fc2769a1b78a27578f13a17b -> 
  custom:container-demuxer-webm: 4f35f7cbe854078d1ac9338744f61a02 -> 
  custom:video-encoder-webm-vp8: eb34c28f22e8b96e1ab97ce403110664 -> 
  custom:audio-encoder-webm-vorbis: bf7c407c2cedff20999df2af8eb42d56 -> 
  custom:framework-win-MediaFoundation: 216162199b28c13a410421893ffa2e32 -> 
  custom:container-demuxer-ogg: 62fdf1f143b41e24485cea50d1cbac27 -> 
  custom:video-decoder-webm-vp8: 9c59270c3fd7afecdb556c50c9e8de78 -> 
  custom:audio-decoder-ogg-vorbis: bf7c407c2cedff20999df2af8eb42d56 -> 
========================================================================
Received Import Request.
  Time since last request: 150.203716 seconds.
  path: Assets/Scripts/PlayerController.cs
  artifactKey: Guid(176d9611ca3e1574598af5971815e00b) Importer(815301076,1909f56bfc062723c751e8b465ee728b)
Start importing Assets/Scripts/PlayerController.cs using Guid(176d9611ca3e1574598af5971815e00b) Importer(815301076,1909f56bfc062723c751e8b465ee728b)  -> (artifact id: '50ba775099a7d4ec99598c98f0926c19') in 0.016813 seconds 
========================================================================
Received Prepare
Registering precompiled user dll's ...
Registered in 0.009905 seconds.
Begin MonoManager ReloadAssembly
Symbol file LoadedFromMemory doesn't match image C:\Users\MyRobot\Desktop\Projetos\Millena\2D Car Race_Lucas\Library\PackageCache\com.unity.visualscripting@1.8.0\Editor\VisualScripting.Core\Dependencies\YamlDotNet\Unity.VisualScripting.YamlDotNet.dll
Symbol file LoadedFromMemory doesn't match image C:\Users\MyRobot\Desktop\Projetos\Millena\2D Car Race_Lucas\Library\PackageCache\com.unity.visualscripting@1.8.0\Editor\VisualScripting.Core\Dependencies\DotNetZip\Unity.VisualScripting.IonicZip.dll
Native extension for WindowsStandalone target not found
Refreshing native plugins compatible for Editor in 0.80 ms, found 4 plugins.
Preloading 0 native plugins for Editor in 0.00 ms.
Mono: successfully reloaded assembly
- Completed reload, in  1.508 seconds
Domain Reload Profiling:
	ReloadAssembly (1509ms)
		BeginReloadAssembly (271ms)
			ExecutionOrderSort (0ms)
			DisableScriptedObjects (16ms)
			BackupInstance (0ms)
			ReleaseScriptingObjects (0ms)
			CreateAndSetChildDomain (61ms)
		EndReloadAssembly (1082ms)
			LoadAssemblies (199ms)
			RebuildTransferFunctionScriptingTraits (0ms)
			SetupTypeCache (332ms)
			ReleaseScriptCaches (2ms)
			RebuildScriptCaches (68ms)
			SetupLoadedEditorAssemblies (472ms)
				LogAssemblyErrors (0ms)
				InitializePlatformSupportModulesInManaged (9ms)
				SetLoadedEditorAssemblies (1ms)
				RefreshPlugins (1ms)
				BeforeProcessingInitializeOnLoad (106ms)
				ProcessInitializeOnLoadAttributes (289ms)
				ProcessInitializeOnLoadMethodAttributes (53ms)
				AfterProcessingInitializeOnLoad (13ms)
				EditorAssembliesLoaded (0ms)
			ExecutionOrderSort2 (0ms)
			AwakeInstancesAfterBackupRestoration (11ms)
Platform modules already initialized, skipping
Refreshing native plugins compatible for Editor in 3.68 ms, found 4 plugins.
Preloading 0 native plugins for Editor in 0.00 ms.
Unloading 3731 Unused Serialized files (Serialized files now loaded: 0)
Unloading 28 unused Assets / (195.8 KB). Loaded Objects now: 4223.
Memory consumption went from 146.7 MB to 146.5 MB.
Total: 6.712400 ms (FindLiveObjects: 0.436000 ms CreateObjectMapping: 0.291900 ms MarkObjects: 5.652800 ms  DeleteObjects: 0.330400 ms)

AssetImportParameters requested are different than current active one (requested -> active):
  custom:video-decoder-ogg-theora: a1e56fd34408186e4bbccfd4996cb3dc -> 
  custom:container-muxer-webm: aa71ff27fc2769a1b78a27578f13a17b -> 
  custom:container-demuxer-webm: 4f35f7cbe854078d1ac9338744f61a02 -> 
  custom:video-encoder-webm-vp8: eb34c28f22e8b96e1ab97ce403110664 -> 
  custom:audio-encoder-webm-vorbis: bf7c407c2cedff20999df2af8eb42d56 -> 
  custom:framework-win-MediaFoundation: 216162199b28c13a410421893ffa2e32 -> 
  custom:container-demuxer-ogg: 62fdf1f143b41e24485cea50d1cbac27 -> 
  custom:video-decoder-webm-vp8: 9c59270c3fd7afecdb556c50c9e8de78 -> 
  custom:audio-decoder-ogg-vorbis: bf7c407c2cedff20999df2af8eb42d56 -> 
========================================================================
Received Import Request.
  Time since last request: 14.522498 seconds.
  path: Assets/Scripts/PlayerController.cs
  artifactKey: Guid(176d9611ca3e1574598af5971815e00b) Importer(815301076,1909f56bfc062723c751e8b465ee728b)
Start importing Assets/Scripts/PlayerController.cs using Guid(176d9611ca3e1574598af5971815e00b) Importer(815301076,1909f56bfc062723c751e8b465ee728b)  -> (artifact id: '6fd6cb824770bf8392f508e438805ad9') in 0.012359 seconds 
========================================================================
Received Import Request.
  Time since last request: 257.398252 seconds.
  path: Assets/Scripts/CarHandler.cs
  artifactKey: Guid(283a1d1a8e16a9046a52fe94933f378b) Importer(815301076,1909f56bfc062723c751e8b465ee728b)
Start importing Assets/Scripts/CarHandler.cs using Guid(283a1d1a8e16a9046a52fe94933f378b) Importer(815301076,1909f56bfc062723c751e8b465ee728b)  -> (artifact id: 'cd0af04e38cf3a7503e7d2e11e7c53fa') in 0.005312 seconds 
========================================================================
Received Import Request.
  Time since last request: 997.889212 seconds.
  path: Assets/Scripts/CarHandler.cs
  artifactKey: Guid(283a1d1a8e16a9046a52fe94933f378b) Importer(815301076,1909f56bfc062723c751e8b465ee728b)
Start importing Assets/Scripts/CarHandler.cs using Guid(283a1d1a8e16a9046a52fe94933f378b) Importer(815301076,1909f56bfc062723c751e8b465ee728b)  -> (artifact id: 'a6e2216e2decfbb3073d1c7ac4b8955e') in 0.008492 seconds 
========================================================================
Received Import Request.
  Time since last request: 235.774963 seconds.
  path: Assets/Scripts/PlayerController.cs
  artifactKey: Guid(176d9611ca3e1574598af5971815e00b) Importer(815301076,1909f56bfc062723c751e8b465ee728b)
Start importing Assets/Scripts/PlayerController.cs using Guid(176d9611ca3e1574598af5971815e00b) Importer(815301076,1909f56bfc062723c751e8b465ee728b)  -> (artifact id: '06ff98207bf4553ca8e5aaa5a1aa845c') in 0.005749 seconds 
========================================================================
Received Import Request.
  Time since last request: 10.440821 seconds.
  path: Assets/Scripts/CarHandler.cs
  artifactKey: Guid(283a1d1a8e16a9046a52fe94933f378b) Importer(815301076,1909f56bfc062723c751e8b465ee728b)
Start importing Assets/Scripts/CarHandler.cs using Guid(283a1d1a8e16a9046a52fe94933f378b) Importer(815301076,1909f56bfc062723c751e8b465ee728b)  -> (artifact id: '704ae1d70455331ac9cf0903b82f9a13') in 0.005412 seconds 
========================================================================
Received Prepare
Registering precompiled user dll's ...
Registered in 0.015450 seconds.
Begin MonoManager ReloadAssembly
Symbol file LoadedFromMemory doesn't match image C:\Users\MyRobot\Desktop\Projetos\Millena\2D Car Race_Lucas\Library\PackageCache\com.unity.visualscripting@1.8.0\Editor\VisualScripting.Core\Dependencies\YamlDotNet\Unity.VisualScripting.YamlDotNet.dll
Symbol file LoadedFromMemory doesn't match image C:\Users\MyRobot\Desktop\Projetos\Millena\2D Car Race_Lucas\Library\PackageCache\com.unity.visualscripting@1.8.0\Editor\VisualScripting.Core\Dependencies\DotNetZip\Unity.VisualScripting.IonicZip.dll
Native extension for WindowsStandalone target not found
Refreshing native plugins compatible for Editor in 0.77 ms, found 4 plugins.
Preloading 0 native plugins for Editor in 0.00 ms.
Mono: successfully reloaded assembly
- Completed reload, in  1.440 seconds
Domain Reload Profiling:
	ReloadAssembly (1441ms)
		BeginReloadAssembly (208ms)
			ExecutionOrderSort (0ms)
			DisableScriptedObjects (12ms)
			BackupInstance (0ms)
			ReleaseScriptingObjects (0ms)
			CreateAndSetChildDomain (47ms)
		EndReloadAssembly (1087ms)
			LoadAssemblies (158ms)
			RebuildTransferFunctionScriptingTraits (0ms)
			SetupTypeCache (332ms)
			ReleaseScriptCaches (2ms)
			RebuildScriptCaches (74ms)
			SetupLoadedEditorAssemblies (465ms)
				LogAssemblyErrors (0ms)
				InitializePlatformSupportModulesInManaged (8ms)
				SetLoadedEditorAssemblies (1ms)
				RefreshPlugins (1ms)
				BeforeProcessingInitializeOnLoad (107ms)
				ProcessInitializeOnLoadAttributes (285ms)
				ProcessInitializeOnLoadMethodAttributes (49ms)
				AfterProcessingInitializeOnLoad (12ms)
				EditorAssembliesLoaded (0ms)
			ExecutionOrderSort2 (0ms)
			AwakeInstancesAfterBackupRestoration (11ms)
Platform modules already initialized, skipping
Refreshing native plugins compatible for Editor in 3.04 ms, found 4 plugins.
Preloading 0 native plugins for Editor in 0.00 ms.
Unloading 3731 Unused Serialized files (Serialized files now loaded: 0)
Unloading 28 unused Assets / (195.8 KB). Loaded Objects now: 4226.
Memory consumption went from 146.8 MB to 146.6 MB.
Total: 4.447700 ms (FindLiveObjects: 0.441300 ms CreateObjectMapping: 0.251500 ms MarkObjects: 3.554100 ms  DeleteObjects: 0.199500 ms)

AssetImportParameters requested are different than current active one (requested -> active):
  custom:video-decoder-ogg-theora: a1e56fd34408186e4bbccfd4996cb3dc -> 
  custom:container-muxer-webm: aa71ff27fc2769a1b78a27578f13a17b -> 
  custom:container-demuxer-webm: 4f35f7cbe854078d1ac9338744f61a02 -> 
  custom:video-encoder-webm-vp8: eb34c28f22e8b96e1ab97ce403110664 -> 
  custom:audio-encoder-webm-vorbis: bf7c407c2cedff20999df2af8eb42d56 -> 
  custom:framework-win-MediaFoundation: 216162199b28c13a410421893ffa2e32 -> 
  custom:container-demuxer-ogg: 62fdf1f143b41e24485cea50d1cbac27 -> 
  custom:video-decoder-webm-vp8: 9c59270c3fd7afecdb556c50c9e8de78 -> 
  custom:audio-decoder-ogg-vorbis: bf7c407c2cedff20999df2af8eb42d56 -> 
========================================================================
Received Import Request.
  Time since last request: 852.724293 seconds.
  path: Assets/Animations/Forward.anim
  artifactKey: Guid(3ec1305e7ca20674f95b1a9d8b42252e) Importer(815301076,1909f56bfc062723c751e8b465ee728b)
Start importing Assets/Animations/Forward.anim using Guid(3ec1305e7ca20674f95b1a9d8b42252e) Importer(815301076,1909f56bfc062723c751e8b465ee728b)  -> (artifact id: '47931000493ba415fab3c13d0895ac96') in 0.062155 seconds 
========================================================================
Received Import Request.
  Time since last request: 0.324114 seconds.
  path: Assets/Animations/Left.anim
  artifactKey: Guid(0cde77d3ee408a948ae32f521bda6648) Importer(815301076,1909f56bfc062723c751e8b465ee728b)
Start importing Assets/Animations/Left.anim using Guid(0cde77d3ee408a948ae32f521bda6648) Importer(815301076,1909f56bfc062723c751e8b465ee728b)  -> (artifact id: '2df4d3de5585d8006cd84bbe80144ac3') in 0.024283 seconds 
========================================================================
Received Import Request.
  Time since last request: 6.908591 seconds.
  path: Assets/Animations/Right.anim
  artifactKey: Guid(befa662da6607ee45851a88399d91a6a) Importer(815301076,1909f56bfc062723c751e8b465ee728b)
Start importing Assets/Animations/Right.anim using Guid(befa662da6607ee45851a88399d91a6a) Importer(815301076,1909f56bfc062723c751e8b465ee728b)  -> (artifact id: '745143c626b4775ca743d59cc8760d8f') in 0.024799 seconds 
========================================================================
Received Import Request.
  Time since last request: 168.136748 seconds.
  path: Assets/Animations/Player.controller
  artifactKey: Guid(69185f6a04d816e4b851283f36942acf) Importer(815301076,1909f56bfc062723c751e8b465ee728b)
Start importing Assets/Animations/Player.controller using Guid(69185f6a04d816e4b851283f36942acf) Importer(815301076,1909f56bfc062723c751e8b465ee728b)  -> (artifact id: 'c03ee09970711e893998290f122febcf') in 0.040177 seconds 
========================================================================
Received Import Request.
  Time since last request: 373.516448 seconds.
  path: Assets/Scripts/PlayerController.cs
  artifactKey: Guid(176d9611ca3e1574598af5971815e00b) Importer(815301076,1909f56bfc062723c751e8b465ee728b)
Start importing Assets/Scripts/PlayerController.cs using Guid(176d9611ca3e1574598af5971815e00b) Importer(815301076,1909f56bfc062723c751e8b465ee728b)  -> (artifact id: '81615cc17d1fb806b64485d90551f872') in 0.005937 seconds 
========================================================================
Received Import Request.
  Time since last request: 27.039563 seconds.
  path: Assets/Scripts/PlayerController.cs
  artifactKey: Guid(176d9611ca3e1574598af5971815e00b) Importer(815301076,1909f56bfc062723c751e8b465ee728b)
Start importing Assets/Scripts/PlayerController.cs using Guid(176d9611ca3e1574598af5971815e00b) Importer(815301076,1909f56bfc062723c751e8b465ee728b)  -> (artifact id: '852e0d36d5c89a9166dba96c6b6f75f1') in 0.006401 seconds 
========================================================================
Received Prepare
Registering precompiled user dll's ...
Registered in 0.015072 seconds.
Begin MonoManager ReloadAssembly
Symbol file LoadedFromMemory doesn't match image C:\Users\MyRobot\Desktop\Projetos\Millena\2D Car Race_Lucas\Library\PackageCache\com.unity.visualscripting@1.8.0\Editor\VisualScripting.Core\Dependencies\YamlDotNet\Unity.VisualScripting.YamlDotNet.dll
Symbol file LoadedFromMemory doesn't match image C:\Users\MyRobot\Desktop\Projetos\Millena\2D Car Race_Lucas\Library\PackageCache\com.unity.visualscripting@1.8.0\Editor\VisualScripting.Core\Dependencies\DotNetZip\Unity.VisualScripting.IonicZip.dll
Native extension for WindowsStandalone target not found
Refreshing native plugins compatible for Editor in 0.92 ms, found 4 plugins.
Preloading 0 native plugins for Editor in 0.00 ms.
Mono: successfully reloaded assembly
- Completed reload, in  1.460 seconds
Domain Reload Profiling:
	ReloadAssembly (1461ms)
		BeginReloadAssembly (223ms)
			ExecutionOrderSort (0ms)
			DisableScriptedObjects (17ms)
			BackupInstance (0ms)
			ReleaseScriptingObjects (0ms)
			CreateAndSetChildDomain (56ms)
		EndReloadAssembly (1095ms)
			LoadAssemblies (152ms)
			RebuildTransferFunctionScriptingTraits (0ms)
			SetupTypeCache (353ms)
			ReleaseScriptCaches (2ms)
			RebuildScriptCaches (73ms)
			SetupLoadedEditorAssemblies (469ms)
				LogAssemblyErrors (0ms)
				InitializePlatformSupportModulesInManaged (9ms)
				SetLoadedEditorAssemblies (1ms)
				RefreshPlugins (1ms)
				BeforeProcessingInitializeOnLoad (105ms)
				ProcessInitializeOnLoadAttributes (292ms)
				ProcessInitializeOnLoadMethodAttributes (51ms)
				AfterProcessingInitializeOnLoad (11ms)
				EditorAssembliesLoaded (0ms)
			ExecutionOrderSort2 (0ms)
			AwakeInstancesAfterBackupRestoration (11ms)
Platform modules already initialized, skipping
Refreshing native plugins compatible for Editor in 3.14 ms, found 4 plugins.
Preloading 0 native plugins for Editor in 0.00 ms.
Unloading 3731 Unused Serialized files (Serialized files now loaded: 0)
Unloading 28 unused Assets / (195.8 KB). Loaded Objects now: 4229.
Memory consumption went from 146.8 MB to 146.6 MB.
Total: 4.318000 ms (FindLiveObjects: 0.359100 ms CreateObjectMapping: 0.311400 ms MarkObjects: 3.400200 ms  DeleteObjects: 0.246100 ms)

AssetImportParameters requested are different than current active one (requested -> active):
  custom:video-decoder-ogg-theora: a1e56fd34408186e4bbccfd4996cb3dc -> 
  custom:container-muxer-webm: aa71ff27fc2769a1b78a27578f13a17b -> 
  custom:container-demuxer-webm: 4f35f7cbe854078d1ac9338744f61a02 -> 
  custom:video-encoder-webm-vp8: eb34c28f22e8b96e1ab97ce403110664 -> 
  custom:audio-encoder-webm-vorbis: bf7c407c2cedff20999df2af8eb42d56 -> 
  custom:framework-win-MediaFoundation: 216162199b28c13a410421893ffa2e32 -> 
  custom:container-demuxer-ogg: 62fdf1f143b41e24485cea50d1cbac27 -> 
  custom:video-decoder-webm-vp8: 9c59270c3fd7afecdb556c50c9e8de78 -> 
  custom:audio-decoder-ogg-vorbis: bf7c407c2cedff20999df2af8eb42d56 -> 
========================================================================
Received Import Request.
  Time since last request: 171.665919 seconds.
  path: Assets/Scripts/PlayerController.cs
  artifactKey: Guid(176d9611ca3e1574598af5971815e00b) Importer(815301076,1909f56bfc062723c751e8b465ee728b)
Start importing Assets/Scripts/PlayerController.cs using Guid(176d9611ca3e1574598af5971815e00b) Importer(815301076,1909f56bfc062723c751e8b465ee728b)  -> (artifact id: '0227bb856f7390a7c85539466bfaf494') in 0.015781 seconds 
========================================================================
Received Prepare
Registering precompiled user dll's ...
Registered in 0.012242 seconds.
Begin MonoManager ReloadAssembly
Symbol file LoadedFromMemory doesn't match image C:\Users\MyRobot\Desktop\Projetos\Millena\2D Car Race_Lucas\Library\PackageCache\com.unity.visualscripting@1.8.0\Editor\VisualScripting.Core\Dependencies\YamlDotNet\Unity.VisualScripting.YamlDotNet.dll
Symbol file LoadedFromMemory doesn't match image C:\Users\MyRobot\Desktop\Projetos\Millena\2D Car Race_Lucas\Library\PackageCache\com.unity.visualscripting@1.8.0\Editor\VisualScripting.Core\Dependencies\DotNetZip\Unity.VisualScripting.IonicZip.dll
Native extension for WindowsStandalone target not found
Refreshing native plugins compatible for Editor in 0.92 ms, found 4 plugins.
Preloading 0 native plugins for Editor in 0.00 ms.
Mono: successfully reloaded assembly
- Completed reload, in  1.531 seconds
Domain Reload Profiling:
	ReloadAssembly (1532ms)
		BeginReloadAssembly (233ms)
			ExecutionOrderSort (0ms)
			DisableScriptedObjects (11ms)
			BackupInstance (0ms)
			ReleaseScriptingObjects (0ms)
			CreateAndSetChildDomain (59ms)
		EndReloadAssembly (1156ms)
			LoadAssemblies (164ms)
			RebuildTransferFunctionScriptingTraits (0ms)
			SetupTypeCache (364ms)
			ReleaseScriptCaches (2ms)
			RebuildScriptCaches (80ms)
			SetupLoadedEditorAssemblies (500ms)
				LogAssemblyErrors (0ms)
				InitializePlatformSupportModulesInManaged (10ms)
				SetLoadedEditorAssemblies (1ms)
				RefreshPlugins (1ms)
				BeforeProcessingInitializeOnLoad (114ms)
				ProcessInitializeOnLoadAttributes (307ms)
				ProcessInitializeOnLoadMethodAttributes (53ms)
				AfterProcessingInitializeOnLoad (14ms)
				EditorAssembliesLoaded (0ms)
			ExecutionOrderSort2 (0ms)
			AwakeInstancesAfterBackupRestoration (12ms)
Platform modules already initialized, skipping
Refreshing native plugins compatible for Editor in 3.04 ms, found 4 plugins.
Preloading 0 native plugins for Editor in 0.00 ms.
Unloading 3731 Unused Serialized files (Serialized files now loaded: 0)
Unloading 28 unused Assets / (195.8 KB). Loaded Objects now: 4232.
Memory consumption went from 146.8 MB to 146.6 MB.
Total: 6.064600 ms (FindLiveObjects: 0.377000 ms CreateObjectMapping: 0.266100 ms MarkObjects: 5.222300 ms  DeleteObjects: 0.197800 ms)

AssetImportParameters requested are different than current active one (requested -> active):
  custom:video-decoder-ogg-theora: a1e56fd34408186e4bbccfd4996cb3dc -> 
  custom:container-muxer-webm: aa71ff27fc2769a1b78a27578f13a17b -> 
  custom:container-demuxer-webm: 4f35f7cbe854078d1ac9338744f61a02 -> 
  custom:video-encoder-webm-vp8: eb34c28f22e8b96e1ab97ce403110664 -> 
  custom:audio-encoder-webm-vorbis: bf7c407c2cedff20999df2af8eb42d56 -> 
  custom:framework-win-MediaFoundation: 216162199b28c13a410421893ffa2e32 -> 
  custom:container-demuxer-ogg: 62fdf1f143b41e24485cea50d1cbac27 -> 
  custom:video-decoder-webm-vp8: 9c59270c3fd7afecdb556c50c9e8de78 -> 
  custom:audio-decoder-ogg-vorbis: bf7c407c2cedff20999df2af8eb42d56 -> 
========================================================================
Received Import Request.
  Time since last request: 9.480927 seconds.
  path: Assets/Scripts/PlayerController.cs
  artifactKey: Guid(176d9611ca3e1574598af5971815e00b) Importer(815301076,1909f56bfc062723c751e8b465ee728b)
Start importing Assets/Scripts/PlayerController.cs using Guid(176d9611ca3e1574598af5971815e00b) Importer(815301076,1909f56bfc062723c751e8b465ee728b)  -> (artifact id: '6f06072eac53b97049d96c3d2721543a') in 0.010284 seconds 
========================================================================
Received Prepare
Registering precompiled user dll's ...
Registered in 0.009977 seconds.
Begin MonoManager ReloadAssembly
Symbol file LoadedFromMemory doesn't match image C:\Users\MyRobot\Desktop\Projetos\Millena\2D Car Race_Lucas\Library\PackageCache\com.unity.visualscripting@1.8.0\Editor\VisualScripting.Core\Dependencies\YamlDotNet\Unity.VisualScripting.YamlDotNet.dll
Symbol file LoadedFromMemory doesn't match image C:\Users\MyRobot\Desktop\Projetos\Millena\2D Car Race_Lucas\Library\PackageCache\com.unity.visualscripting@1.8.0\Editor\VisualScripting.Core\Dependencies\DotNetZip\Unity.VisualScripting.IonicZip.dll
Native extension for WindowsStandalone target not found
Refreshing native plugins compatible for Editor in 0.81 ms, found 4 plugins.
Preloading 0 native plugins for Editor in 0.00 ms.
Mono: successfully reloaded assembly
- Completed reload, in  1.494 seconds
Domain Reload Profiling:
	ReloadAssembly (1495ms)
		BeginReloadAssembly (237ms)
			ExecutionOrderSort (0ms)
			DisableScriptedObjects (11ms)
			BackupInstance (0ms)
			ReleaseScriptingObjects (0ms)
			CreateAndSetChildDomain (63ms)
		EndReloadAssembly (1105ms)
			LoadAssemblies (162ms)
			RebuildTransferFunctionScriptingTraits (0ms)
			SetupTypeCache (373ms)
			ReleaseScriptCaches (2ms)
			RebuildScriptCaches (67ms)
			SetupLoadedEditorAssemblies (471ms)
				LogAssemblyErrors (0ms)
				InitializePlatformSupportModulesInManaged (10ms)
				SetLoadedEditorAssemblies (1ms)
				RefreshPlugins (1ms)
				BeforeProcessingInitializeOnLoad (108ms)
				ProcessInitializeOnLoadAttributes (290ms)
				ProcessInitializeOnLoadMethodAttributes (50ms)
				AfterProcessingInitializeOnLoad (12ms)
				EditorAssembliesLoaded (0ms)
			ExecutionOrderSort2 (0ms)
			AwakeInstancesAfterBackupRestoration (11ms)
Platform modules already initialized, skipping
Refreshing native plugins compatible for Editor in 3.10 ms, found 4 plugins.
Preloading 0 native plugins for Editor in 0.00 ms.
Unloading 3731 Unused Serialized files (Serialized files now loaded: 0)
Unloading 28 unused Assets / (196.0 KB). Loaded Objects now: 4235.
Memory consumption went from 146.8 MB to 146.6 MB.
Total: 4.588600 ms (FindLiveObjects: 0.360500 ms CreateObjectMapping: 0.308800 ms MarkObjects: 3.699200 ms  DeleteObjects: 0.218800 ms)

AssetImportParameters requested are different than current active one (requested -> active):
  custom:video-decoder-ogg-theora: a1e56fd34408186e4bbccfd4996cb3dc -> 
  custom:container-muxer-webm: aa71ff27fc2769a1b78a27578f13a17b -> 
  custom:container-demuxer-webm: 4f35f7cbe854078d1ac9338744f61a02 -> 
  custom:video-encoder-webm-vp8: eb34c28f22e8b96e1ab97ce403110664 -> 
  custom:audio-encoder-webm-vorbis: bf7c407c2cedff20999df2af8eb42d56 -> 
  custom:framework-win-MediaFoundation: 216162199b28c13a410421893ffa2e32 -> 
  custom:container-demuxer-ogg: 62fdf1f143b41e24485cea50d1cbac27 -> 
  custom:video-decoder-webm-vp8: 9c59270c3fd7afecdb556c50c9e8de78 -> 
  custom:audio-decoder-ogg-vorbis: bf7c407c2cedff20999df2af8eb42d56 -> 
========================================================================
Received Prepare
Registering precompiled user dll's ...
Registered in 0.013195 seconds.
Begin MonoManager ReloadAssembly
Symbol file LoadedFromMemory doesn't match image C:\Users\MyRobot\Desktop\Projetos\Millena\2D Car Race_Lucas\Library\PackageCache\com.unity.visualscripting@1.8.0\Editor\VisualScripting.Core\Dependencies\YamlDotNet\Unity.VisualScripting.YamlDotNet.dll
Symbol file LoadedFromMemory doesn't match image C:\Users\MyRobot\Desktop\Projetos\Millena\2D Car Race_Lucas\Library\PackageCache\com.unity.visualscripting@1.8.0\Editor\VisualScripting.Core\Dependencies\DotNetZip\Unity.VisualScripting.IonicZip.dll
Native extension for WindowsStandalone target not found
Refreshing native plugins compatible for Editor in 0.77 ms, found 4 plugins.
Preloading 0 native plugins for Editor in 0.00 ms.
Mono: successfully reloaded assembly
- Completed reload, in  1.464 seconds
Domain Reload Profiling:
	ReloadAssembly (1465ms)
		BeginReloadAssembly (252ms)
			ExecutionOrderSort (0ms)
			DisableScriptedObjects (11ms)
			BackupInstance (0ms)
			ReleaseScriptingObjects (0ms)
			CreateAndSetChildDomain (58ms)
		EndReloadAssembly (1060ms)
			LoadAssemblies (177ms)
			RebuildTransferFunctionScriptingTraits (0ms)
			SetupTypeCache (331ms)
			ReleaseScriptCaches (2ms)
			RebuildScriptCaches (67ms)
			SetupLoadedEditorAssemblies (469ms)
				LogAssemblyErrors (0ms)
				InitializePlatformSupportModulesInManaged (9ms)
				SetLoadedEditorAssemblies (1ms)
				RefreshPlugins (1ms)
				BeforeProcessingInitializeOnLoad (105ms)
				ProcessInitializeOnLoadAttributes (289ms)
				ProcessInitializeOnLoadMethodAttributes (53ms)
				AfterProcessingInitializeOnLoad (11ms)
				EditorAssembliesLoaded (0ms)
			ExecutionOrderSort2 (0ms)
			AwakeInstancesAfterBackupRestoration (11ms)
Platform modules already initialized, skipping
Refreshing native plugins compatible for Editor in 3.16 ms, found 4 plugins.
Preloading 0 native plugins for Editor in 0.00 ms.
Unloading 3731 Unused Serialized files (Serialized files now loaded: 0)
Unloading 28 unused Assets / (195.9 KB). Loaded Objects now: 4238.
Memory consumption went from 146.8 MB to 146.6 MB.
Total: 4.933400 ms (FindLiveObjects: 0.412900 ms CreateObjectMapping: 0.419600 ms MarkObjects: 3.866600 ms  DeleteObjects: 0.233000 ms)

AssetImportParameters requested are different than current active one (requested -> active):
  custom:video-decoder-ogg-theora: a1e56fd34408186e4bbccfd4996cb3dc -> 
  custom:container-muxer-webm: aa71ff27fc2769a1b78a27578f13a17b -> 
  custom:container-demuxer-webm: 4f35f7cbe854078d1ac9338744f61a02 -> 
  custom:video-encoder-webm-vp8: eb34c28f22e8b96e1ab97ce403110664 -> 
  custom:audio-encoder-webm-vorbis: bf7c407c2cedff20999df2af8eb42d56 -> 
  custom:framework-win-MediaFoundation: 216162199b28c13a410421893ffa2e32 -> 
  custom:container-demuxer-ogg: 62fdf1f143b41e24485cea50d1cbac27 -> 
  custom:video-decoder-webm-vp8: 9c59270c3fd7afecdb556c50c9e8de78 -> 
  custom:audio-decoder-ogg-vorbis: bf7c407c2cedff20999df2af8eb42d56 -> 
